<?xml version="1.0" encoding="UTF-8"?>
<!-- Generated by org.testng.reporters.JUnitReportReporter -->
<testsuite hostname="DESKTOP-J7DRRNI" failures="0" tests="1" name="com.Redbus.TestCase.RedBusTest" time="60.175" errors="0" timestamp="2021-04-10T21:08:36 IST" skipped="0">
  <testcase classname="com.Redbus.TestCase.RedBusTest" name="f" time="60.175"/>
  <system-out/>
</testsuite> <!-- com.Redbus.TestCase.RedBusTest -->
