<?xml version="1.0" encoding="UTF-8"?>
<!-- Generated by org.testng.reporters.JUnitReportReporter -->
<testsuite skipped="0" hostname="DESKTOP-RVPORKM" name="com.testCase.RedBusTest" tests="1" failures="0" timestamp="2021-04-10T16:13:08 IST" time="34.076" errors="0">
  <testcase name="f" time="34.076" classname="com.testCase.RedBusTest"/>
  <system-out/>
</testsuite> <!-- com.testCase.RedBusTest -->
